<?xml version="1.0" encoding="UTF-8"?>
<!-- Generated by org.testng.reporters.JUnitXMLReporter -->
<testsuite hostname="work" ignored="2" name="Surefire test" tests="4" failures="1" timestamp="28 мая 2020 12:47:06 GMT" time="5.183" errors="0">
  <testcase name="echoToday" time="0.128" classname="com.citrus.myproject.SampleJavaIT"/>
  <testcase name="sayHello" time="0.101" classname="com.citrus.myproject.SampleJavaIT"/>
  <testcase name="checkJson" time="4.761" classname="com.citrus.myproject.SampleXmlIT">
    <failure type="com.consol.citrus.exceptions.TestCaseFailedException" message="I/O error on POST request for &amp;quot;http://localhost:3000/out&amp;quot;: Connect to localhost:3000 [localhost/127.0.0.1, localhost/0:0:0:0:0:0:0:1] failed: Connection refused: connect; nested exception is org.apache.http.conn.HttpHostConnectException: Connect to localhost:3000 [localhost/127.0.0.1, localhost/0:0:0:0:0:0:0:1] failed: Connection refused: connect">
      <![CDATA[com.consol.citrus.exceptions.TestCaseFailedException: I/O error on POST request for "http://localhost:3000/out": Connect to localhost:3000 [localhost/127.0.0.1, localhost/0:0:0:0:0:0:0:1] failed: Connection refused: connect; nested exception is org.apache.http.conn.HttpHostConnectException: Connect to localhost:3000 [localhost/127.0.0.1, localhost/0:0:0:0:0:0:0:1] failed: Connection refused: connect
	at com.consol.citrus.TestCase.executeAction(TestCase.java:227)
	at com.consol.citrus.TestCase.doExecute(TestCase.java:152)
	at com.consol.citrus.actions.AbstractTestAction.execute(AbstractTestAction.java:42)
	at com.consol.citrus.Citrus.run(Citrus.java:403)
	at com.consol.citrus.testng.AbstractTestNGCitrusTest.invokeTestMethod(AbstractTestNGCitrusTest.java:131)
	at com.consol.citrus.testng.AbstractTestNGCitrusTest.run(AbstractTestNGCitrusTest.java:108)
	at com.consol.citrus.testng.AbstractTestNGCitrusTest.run(AbstractTestNGCitrusTest.java:70)
Caused by: org.springframework.web.client.ResourceAccessException: I/O error on POST request for "http://localhost:3000/out": Connect to localhost:3000 [localhost/127.0.0.1, localhost/0:0:0:0:0:0:0:1] failed: Connection refused: connect; nested exception is org.apache.http.conn.HttpHostConnectException: Connect to localhost:3000 [localhost/127.0.0.1, localhost/0:0:0:0:0:0:0:1] failed: Connection refused: connect
	at org.springframework.web.client.RestTemplate.doExecute(RestTemplate.java:732)
	at org.springframework.web.client.RestTemplate.execute(RestTemplate.java:698)
	at org.springframework.web.client.RestTemplate.exchange(RestTemplate.java:619)
	at com.consol.citrus.http.client.HttpClient.send(HttpClient.java:130)
	at com.consol.citrus.actions.SendMessageAction.doExecute(SendMessageAction.java:125)
	at com.consol.citrus.actions.AbstractTestAction.execute(AbstractTestAction.java:42)
	at com.consol.citrus.TestCase.executeAction(TestCase.java:220)
	... 31 more
Caused by: org.apache.http.conn.HttpHostConnectException: Connect to localhost:3000 [localhost/127.0.0.1, localhost/0:0:0:0:0:0:0:1] failed: Connection refused: connect
	at org.apache.http.impl.conn.DefaultHttpClientConnectionOperator.connect(DefaultHttpClientConnectionOperator.java:159)
	at org.apache.http.impl.conn.PoolingHttpClientConnectionManager.connect(PoolingHttpClientConnectionManager.java:373)
	at org.apache.http.impl.execchain.MainClientExec.establishRoute(MainClientExec.java:381)
	at org.apache.http.impl.execchain.MainClientExec.execute(MainClientExec.java:237)
	at org.apache.http.impl.execchain.ProtocolExec.execute(ProtocolExec.java:185)
	at org.apache.http.impl.execchain.RetryExec.execute(RetryExec.java:89)
	at org.apache.http.impl.execchain.RedirectExec.execute(RedirectExec.java:111)
	at org.apache.http.impl.client.InternalHttpClient.doExecute(InternalHttpClient.java:185)
	at org.apache.http.impl.client.CloseableHttpClient.execute(CloseableHttpClient.java:83)
	at org.apache.http.impl.client.CloseableHttpClient.execute(CloseableHttpClient.java:56)
	at org.springframework.http.client.HttpComponentsClientHttpRequest.executeInternal(HttpComponentsClientHttpRequest.java:87)
	at org.springframework.http.client.AbstractBufferingClientHttpRequest.executeInternal(AbstractBufferingClientHttpRequest.java:48)
	at org.springframework.http.client.AbstractClientHttpRequest.execute(AbstractClientHttpRequest.java:53)
	at org.springframework.http.client.InterceptingClientHttpRequest$InterceptingRequestExecution.execute(InterceptingClientHttpRequest.java:108)
	at com.consol.citrus.http.interceptor.LoggingClientInterceptor.intercept(LoggingClientInterceptor.java:56)
	at org.springframework.http.client.InterceptingClientHttpRequest$InterceptingRequestExecution.execute(InterceptingClientHttpRequest.java:92)
	at org.springframework.http.client.InterceptingClientHttpRequest.executeInternal(InterceptingClientHttpRequest.java:76)
	at org.springframework.http.client.AbstractBufferingClientHttpRequest.executeInternal(AbstractBufferingClientHttpRequest.java:48)
	at org.springframework.http.client.AbstractClientHttpRequest.execute(AbstractClientHttpRequest.java:53)
	at org.springframework.web.client.RestTemplate.doExecute(RestTemplate.java:723)
	... 37 more
Caused by: java.net.ConnectException: Connection refused: connect
	at java.net.DualStackPlainSocketImpl.connect0(Native Method)
	at java.net.DualStackPlainSocketImpl.socketConnect(DualStackPlainSocketImpl.java:79)
	at java.net.AbstractPlainSocketImpl.doConnect(AbstractPlainSocketImpl.java:350)
	at java.net.AbstractPlainSocketImpl.connectToAddress(AbstractPlainSocketImpl.java:206)
	at java.net.AbstractPlainSocketImpl.connect(AbstractPlainSocketImpl.java:188)
	at java.net.PlainSocketImpl.connect(PlainSocketImpl.java:172)
	at java.net.SocksSocketImpl.connect(SocksSocketImpl.java:392)
	at java.net.Socket.connect(Socket.java:606)
	at org.apache.http.conn.socket.PlainConnectionSocketFactory.connectSocket(PlainConnectionSocketFactory.java:75)
	at org.apache.http.impl.conn.DefaultHttpClientConnectionOperator.connect(DefaultHttpClientConnectionOperator.java:142)
	... 56 more
... Removed 25 stack frames]]>
    </failure>
  </testcase> <!-- checkJson -->
  <testcase name="sampleXml" time="0.166" classname="com.citrus.myproject.SampleXmlIT"/>
  <testcase name="@AfterSuite afterSuite" time="0.0" classname="com.consol.citrus.testng.AbstractTestNGCitrusTest">
    <ignored/>
  </testcase> <!-- @AfterSuite afterSuite -->
  <testcase name="@BeforeSuite beforeSuite" time="0.0" classname="com.consol.citrus.testng.AbstractTestNGCitrusTest">
    <ignored/>
  </testcase> <!-- @BeforeSuite beforeSuite -->
</testsuite> <!-- Surefire test -->
